<?xml version="1.0" encoding="UTF-8"?>
<!-- Generated by org.testng.reporters.JUnitReportReporter -->
<testsuite hostname="LAPTOP-SGM82G62" failures="0" tests="4" name="Practice.Sample" time="0.011" errors="0" timestamp="2022-08-03T14:38:00 IST" skipped="0">
  <testcase classname="Practice.Sample" name="modifyContact" time="0.001"/>
  <system-out/>
  <testcase classname="Practice.Sample" name="modifyContact" time="0.001"/>
  <system-out/>
  <testcase classname="Practice.Sample" name="modifyContact" time="0.008"/>
  <system-out/>
  <testcase classname="Practice.Sample" name="deleteContact" time="0.001"/>
  <system-out/>
</testsuite> <!-- Practice.Sample -->
