<?xml version="1.0" encoding="UTF-8"?>
<!-- Generated by org.testng.reporters.JUnitReportReporter -->
<testsuite hostname="LAPTOP-SGM82G62" failures="0" tests="5" name="Practice.DataProviderTest" time="0.014" errors="0" timestamp="2022-08-03T15:20:00 IST" skipped="0">
  <testcase classname="Practice.DataProviderTest" name="bookingTicket" time="0.001"/>
  <system-out/>
  <testcase classname="Practice.DataProviderTest" name="bookingTicket" time="0.002"/>
  <system-out/>
  <testcase classname="Practice.DataProviderTest" name="bookingTicket" time="0.002"/>
  <system-out/>
  <testcase classname="Practice.DataProviderTest" name="bookingTicket" time="0.001"/>
  <system-out/>
  <testcase classname="Practice.DataProviderTest" name="bookingTicket" time="0.008"/>
  <system-out/>
</testsuite> <!-- Practice.DataProviderTest -->
