<?xml version="1.0" encoding="UTF-8"?>
<!-- Generated by org.testng.reporters.JUnitReportReporter -->
<testsuite hostname="LAPTOP-SGM82G62" failures="0" tests="1" name="com.crm.Sdet.Product.DeleteProduct" time="12.281" errors="0" timestamp="2022-08-11T12:58:07 IST" skipped="0">
  <testcase classname="com.crm.Sdet.Product.DeleteProduct" name="createAndDeleteProduct" time="12.281"/>
  <system-out/>
</testsuite> <!-- com.crm.Sdet.Product.DeleteProduct -->
