<?xml version="1.0" encoding="UTF-8"?>
<!-- Generated by org.testng.reporters.JUnitReportReporter -->
<testsuite hostname="LAPTOP-SGM82G62" failures="0" tests="1" name="Practice.SoftAssertSample" time="0.009" errors="0" timestamp="2022-08-09T04:38:15 IST" skipped="0">
  <testcase classname="Practice.SoftAssertSample" name="deleteContact" time="0.009"/>
  <system-out/>
</testsuite> <!-- Practice.SoftAssertSample -->
