<?xml version="1.0" encoding="UTF-8"?>
<!-- Generated by org.testng.reporters.JUnitReportReporter -->
<testsuite hostname="LAPTOP-SGM82G62" failures="0" tests="2" name="Practice.Sample2ReeginalReg" time="0.003" errors="0" timestamp="2022-08-09T03:38:44 IST" skipped="0">
  <testcase classname="Practice.Sample2ReeginalReg" name="modifyContact" time="0.001"/>
  <system-out/>
  <testcase classname="Practice.Sample2ReeginalReg" name="deleteContact" time="0.002"/>
  <system-out/>
</testsuite> <!-- Practice.Sample2ReeginalReg -->
