<?xml version="1.0" encoding="UTF-8"?>
<!-- Generated by org.testng.reporters.JUnitReportReporter -->
<testsuite hostname="LAPTOP-SGM82G62" failures="0" tests="1" name="com.crm.Sdet.organization.CreateOrganization1" time="23.938" errors="0" timestamp="2022-08-11T13:41:50 IST" skipped="0">
  <testcase classname="com.crm.Sdet.organization.CreateOrganization1" name="createOrganisation" time="23.938"/>
  <system-out/>
</testsuite> <!-- com.crm.Sdet.organization.CreateOrganization1 -->
