<?xml version="1.0" encoding="UTF-8"?>
<!-- Generated by org.testng.reporters.JUnitReportReporter -->
<testsuite hostname="LAPTOP-SGM82G62" failures="0" tests="1" name="Practice.DemoReginalReg" time="0.007" errors="0" timestamp="2022-08-09T03:38:44 IST" skipped="0">
  <testcase classname="Practice.DemoReginalReg" name="createContact" time="0.007"/>
  <system-out/>
</testsuite> <!-- Practice.DemoReginalReg -->
