<?xml version="1.0" encoding="UTF-8"?>
<!-- Generated by org.testng.reporters.JUnitReportReporter -->
<testsuite hostname="LAPTOP-SGM82G62" failures="0" tests="1" name="Practice.ScreenshotVtiger" time="7.678" errors="0" timestamp="2022-08-09T12:09:43 IST" skipped="0">
  <testcase classname="Practice.ScreenshotVtiger" name="screen" time="7.678"/>
  <system-out/>
</testsuite> <!-- Practice.ScreenshotVtiger -->
