<?xml version="1.0" encoding="UTF-8"?>
<!-- Generated by org.testng.reporters.JUnitReportReporter -->
<testsuite hostname="LAPTOP-SGM82G62" failures="0" tests="1" name="com.crm.Sdet.campaign.CreateCampaign" time="28.975" errors="0" timestamp="2022-08-11T13:17:10 IST" skipped="0">
  <testcase classname="com.crm.Sdet.campaign.CreateCampaign" name="createCampaignOnly" time="28.975"/>
  <system-out/>
</testsuite> <!-- com.crm.Sdet.campaign.CreateCampaign -->
