<?xml version="1.0" encoding="UTF-8"?>
<!-- Generated by org.testng.reporters.JUnitReportReporter -->
<testsuite hostname="LAPTOP-SGM82G62" failures="0" tests="1" name="Practice.HardAssert" time="0.007" errors="0" timestamp="2022-08-09T04:41:56 IST" skipped="0">
  <testcase classname="Practice.HardAssert" name="createContact" time="0.007"/>
  <system-out/>
</testsuite> <!-- Practice.HardAssert -->
