<?xml version="1.0" encoding="UTF-8"?>
<!-- Generated by org.testng.reporters.JUnitReportReporter -->
<testsuite hostname="LAPTOP-SGM82G62" failures="0" tests="1" name="com.crm.Sdet.Product.CreateProduct" time="10.077" errors="0" timestamp="2022-08-11T12:57:47 IST" skipped="0">
  <testcase classname="com.crm.Sdet.Product.CreateProduct" name="createProductOnly" time="10.077"/>
  <system-out/>
</testsuite> <!-- com.crm.Sdet.Product.CreateProduct -->
