<?xml version="1.0" encoding="UTF-8"?>
<!-- Generated by org.testng.reporters.JUnitReportReporter -->
<testsuite hostname="LAPTOP-SGM82G62" failures="0" tests="1" name="com.crm.Sdet.campaign.CreteProdAndCampaign" time="39.114" errors="0" timestamp="2022-08-09T11:08:08 IST" skipped="0">
  <testcase classname="com.crm.Sdet.campaign.CreteProdAndCampaign" name="CreteProdAndCampaignTest" time="39.114"/>
  <system-out/>
</testsuite> <!-- com.crm.Sdet.campaign.CreteProdAndCampaign -->
